{"/Users/ngrams/Task11/src/App.tsx": {"path":"/Users/ngrams/Task11/src/App.tsx","statementMap":{"0":{"start":{"line":8,"column":34},"end":{"line":8,"column":57}},"1":{"start":{"line":10,"column":4},"end":{"line":26,"column":6}},"2":{"start":{"line":16,"column":24},"end":{"line":16,"column":45}}},"fnMap":{"0":{"name":"App","decl":{"start":{"line":7,"column":9},"end":{"line":7,"column":12}},"loc":{"start":{"line":7,"column":28},"end":{"line":27,"column":1}},"line":7},"1":{"name":"(anonymous_1)","decl":{"start":{"line":15,"column":29},"end":{"line":15,"column":30}},"loc":{"start":{"line":15,"column":35},"end":{"line":17,"column":21}},"line":15}},"branchMap":{"0":{"loc":{"start":{"line":19,"column":21},"end":{"line":19,"column":50}},"type":"cond-expr","locations":[{"start":{"line":19,"column":31},"end":{"line":19,"column":40}},{"start":{"line":19,"column":43},"end":{"line":19,"column":50}}],"line":19},"1":{"loc":{"start":{"line":22,"column":35},"end":{"line":22,"column":61}},"type":"cond-expr","locations":[{"start":{"line":22,"column":45},"end":{"line":22,"column":52}},{"start":{"line":22,"column":55},"end":{"line":22,"column":61}}],"line":22}},"s":{"0":1,"1":1,"2":0},"f":{"0":1,"1":0},"b":{"0":[1,0],"1":[1,0]},"_coverageSchema":"1a1c01bbd47fc00a2c39e90264f33305004495a9","hash":"f2b61523b23fdfa48507f3481d1c7b8b0bca7737"}
,"/Users/ngrams/Task11/src/interfaces/question.ts": {"path":"/Users/ngrams/Task11/src/interfaces/question.ts","statementMap":{},"fnMap":{},"branchMap":{},"s":{},"f":{},"b":{}}
,"/Users/ngrams/Task11/src/interfaces/quiz.ts": {"path":"/Users/ngrams/Task11/src/interfaces/quiz.ts","statementMap":{},"fnMap":{},"branchMap":{},"s":{},"f":{},"b":{}}
,"/Users/ngrams/Task11/src/quizzer/AddQuizModal.tsx": {"path":"/Users/ngrams/Task11/src/quizzer/AddQuizModal.tsx","statementMap":{"0":{"start":{"line":4,"column":28},"end":{"line":64,"column":1}},"1":{"start":{"line":12,"column":30},"end":{"line":12,"column":62}},"2":{"start":{"line":13,"column":28},"end":{"line":13,"column":67}},"3":{"start":{"line":14,"column":24},"end":{"line":19,"column":5}},"4":{"start":{"line":15,"column":8},"end":{"line":15,"column":29}},"5":{"start":{"line":16,"column":8},"end":{"line":16,"column":33}},"6":{"start":{"line":17,"column":8},"end":{"line":17,"column":39}},"7":{"start":{"line":18,"column":8},"end":{"line":18,"column":22}},"8":{"start":{"line":21,"column":4},"end":{"line":63,"column":6}},"9":{"start":{"line":34,"column":33},"end":{"line":34,"column":57}},"10":{"start":{"line":42,"column":33},"end":{"line":42,"column":56}},"11":{"start":{"line":50,"column":28},"end":{"line":50,"column":53}},"12":{"start":{"line":51,"column":28},"end":{"line":51,"column":59}},"13":{"start":{"line":52,"column":28},"end":{"line":52,"column":42}}},"fnMap":{"0":{"name":"(anonymous_0)","decl":{"start":{"line":4,"column":28},"end":{"line":4,"column":29}},"loc":{"start":{"line":11,"column":52},"end":{"line":64,"column":1}},"line":11},"1":{"name":"(anonymous_1)","decl":{"start":{"line":14,"column":24},"end":{"line":14,"column":25}},"loc":{"start":{"line":14,"column":30},"end":{"line":19,"column":5}},"line":14},"2":{"name":"(anonymous_2)","decl":{"start":{"line":32,"column":38},"end":{"line":32,"column":39}},"loc":{"start":{"line":34,"column":33},"end":{"line":34,"column":57}},"line":34},"3":{"name":"(anonymous_3)","decl":{"start":{"line":41,"column":39},"end":{"line":41,"column":40}},"loc":{"start":{"line":42,"column":33},"end":{"line":42,"column":56}},"line":42},"4":{"name":"(anonymous_4)","decl":{"start":{"line":49,"column":33},"end":{"line":49,"column":34}},"loc":{"start":{"line":49,"column":39},"end":{"line":53,"column":25}},"line":49}},"branchMap":{},"s":{"0":2,"1":26,"2":26,"3":26,"4":1,"5":1,"6":1,"7":1,"8":26,"9":0,"10":0,"11":0,"12":0,"13":0},"f":{"0":26,"1":1,"2":0,"3":0,"4":0},"b":{},"_coverageSchema":"1a1c01bbd47fc00a2c39e90264f33305004495a9","hash":"473004d25126a43203bbc391ceebf05e9661e92b"}
,"/Users/ngrams/Task11/src/quizzer/QuestionEdit.tsx": {"path":"/Users/ngrams/Task11/src/quizzer/QuestionEdit.tsx","statementMap":{"0":{"start":{"line":7,"column":28},"end":{"line":260,"column":1}},"1":{"start":{"line":22,"column":42},"end":{"line":24,"column":5}},"2":{"start":{"line":23,"column":50},"end":{"line":23,"column":73}},"3":{"start":{"line":26,"column":29},"end":{"line":36,"column":5}},"4":{"start":{"line":27,"column":8},"end":{"line":27,"column":26}},"5":{"start":{"line":29,"column":12},"end":{"line":29,"column":71}},"6":{"start":{"line":30,"column":8},"end":{"line":35,"column":11}},"7":{"start":{"line":48,"column":25},"end":{"line":51,"column":5}},"8":{"start":{"line":49,"column":8},"end":{"line":49,"column":51}},"9":{"start":{"line":50,"column":8},"end":{"line":50,"column":44}},"10":{"start":{"line":53,"column":31},"end":{"line":64,"column":5}},"11":{"start":{"line":57,"column":27},"end":{"line":57,"column":48}},"12":{"start":{"line":58,"column":8},"end":{"line":58,"column":48}},"13":{"start":{"line":59,"column":8},"end":{"line":63,"column":11}},"14":{"start":{"line":66,"column":30},"end":{"line":73,"column":5}},"15":{"start":{"line":67,"column":20},"end":{"line":67,"column":44}},"16":{"start":{"line":68,"column":8},"end":{"line":68,"column":28}},"17":{"start":{"line":69,"column":8},"end":{"line":72,"column":11}},"18":{"start":{"line":75,"column":4},"end":{"line":259,"column":6}},"19":{"start":{"line":92,"column":36},"end":{"line":95,"column":39}},"20":{"start":{"line":165,"column":44},"end":{"line":168,"column":47}},"21":{"start":{"line":178,"column":44},"end":{"line":205,"column":50}},"22":{"start":{"line":199,"column":56},"end":{"line":202,"column":58}},"23":{"start":{"line":217,"column":32},"end":{"line":217,"column":63}},"24":{"start":{"line":226,"column":32},"end":{"line":226,"column":63}},"25":{"start":{"line":242,"column":28},"end":{"line":245,"column":31}},"26":{"start":{"line":251,"column":28},"end":{"line":251,"column":56}}},"fnMap":{"0":{"name":"(anonymous_0)","decl":{"start":{"line":7,"column":28},"end":{"line":7,"column":29}},"loc":{"start":{"line":21,"column":6},"end":{"line":260,"column":1}},"line":21},"1":{"name":"(anonymous_1)","decl":{"start":{"line":23,"column":35},"end":{"line":23,"column":36}},"loc":{"start":{"line":23,"column":50},"end":{"line":23,"column":73}},"line":23},"2":{"name":"(anonymous_2)","decl":{"start":{"line":26,"column":29},"end":{"line":26,"column":30}},"loc":{"start":{"line":26,"column":73},"end":{"line":36,"column":5}},"line":26},"3":{"name":"(anonymous_3)","decl":{"start":{"line":48,"column":25},"end":{"line":48,"column":26}},"loc":{"start":{"line":48,"column":69},"end":{"line":51,"column":5}},"line":48},"4":{"name":"(anonymous_4)","decl":{"start":{"line":53,"column":31},"end":{"line":53,"column":32}},"loc":{"start":{"line":56,"column":9},"end":{"line":64,"column":5}},"line":56},"5":{"name":"(anonymous_5)","decl":{"start":{"line":66,"column":30},"end":{"line":66,"column":31}},"loc":{"start":{"line":66,"column":74},"end":{"line":73,"column":5}},"line":66},"6":{"name":"(anonymous_6)","decl":{"start":{"line":89,"column":42},"end":{"line":89,"column":43}},"loc":{"start":{"line":91,"column":37},"end":{"line":96,"column":33}},"line":91},"7":{"name":"(anonymous_7)","decl":{"start":{"line":122,"column":46},"end":{"line":122,"column":47}},"loc":{"start":{"line":122,"column":52},"end":{"line":122,"column":54}},"line":122},"8":{"name":"(anonymous_8)","decl":{"start":{"line":162,"column":50},"end":{"line":162,"column":51}},"loc":{"start":{"line":164,"column":45},"end":{"line":169,"column":41}},"line":164},"9":{"name":"(anonymous_9)","decl":{"start":{"line":177,"column":40},"end":{"line":177,"column":41}},"loc":{"start":{"line":178,"column":44},"end":{"line":205,"column":50}},"line":178},"10":{"name":"(anonymous_10)","decl":{"start":{"line":196,"column":62},"end":{"line":196,"column":63}},"loc":{"start":{"line":198,"column":57},"end":{"line":203,"column":53}},"line":198},"11":{"name":"(anonymous_11)","decl":{"start":{"line":216,"column":37},"end":{"line":216,"column":38}},"loc":{"start":{"line":216,"column":43},"end":{"line":218,"column":29}},"line":216},"12":{"name":"(anonymous_12)","decl":{"start":{"line":225,"column":37},"end":{"line":225,"column":38}},"loc":{"start":{"line":225,"column":43},"end":{"line":227,"column":29}},"line":225},"13":{"name":"(anonymous_13)","decl":{"start":{"line":241,"column":34},"end":{"line":241,"column":35}},"loc":{"start":{"line":241,"column":78},"end":{"line":246,"column":25}},"line":241},"14":{"name":"(anonymous_14)","decl":{"start":{"line":250,"column":33},"end":{"line":250,"column":34}},"loc":{"start":{"line":250,"column":39},"end":{"line":252,"column":25}},"line":250}},"branchMap":{"0":{"loc":{"start":{"line":29,"column":12},"end":{"line":29,"column":71}},"type":"cond-expr","locations":[{"start":{"line":29,"column":43},"end":{"line":29,"column":44}},{"start":{"line":29,"column":47},"end":{"line":29,"column":71}}],"line":29},"1":{"loc":{"start":{"line":62,"column":22},"end":{"line":62,"column":76}},"type":"cond-expr","locations":[{"start":{"line":62,"column":42},"end":{"line":62,"column":56}},{"start":{"line":62,"column":59},"end":{"line":62,"column":76}}],"line":62},"2":{"loc":{"start":{"line":111,"column":31},"end":{"line":111,"column":63}},"type":"cond-expr","locations":[{"start":{"line":111,"column":55},"end":{"line":111,"column":58}},{"start":{"line":111,"column":61},"end":{"line":111,"column":63}}],"line":111},"3":{"loc":{"start":{"line":142,"column":29},"end":{"line":154,"column":29}},"type":"binary-expr","locations":[{"start":{"line":142,"column":29},"end":{"line":142,"column":73}},{"start":{"line":143,"column":32},"end":{"line":153,"column":35}}],"line":142},"4":{"loc":{"start":{"line":157,"column":29},"end":{"line":172,"column":29}},"type":"binary-expr","locations":[{"start":{"line":157,"column":29},"end":{"line":157,"column":70}},{"start":{"line":158,"column":32},"end":{"line":171,"column":45}}],"line":157},"5":{"loc":{"start":{"line":173,"column":29},"end":{"line":209,"column":29}},"type":"binary-expr","locations":[{"start":{"line":173,"column":29},"end":{"line":173,"column":73}},{"start":{"line":174,"column":32},"end":{"line":208,"column":45}}],"line":173}},"s":{"0":2,"1":0,"2":0,"3":0,"4":0,"5":0,"6":0,"7":0,"8":0,"9":0,"10":0,"11":0,"12":0,"13":0,"14":0,"15":0,"16":0,"17":0,"18":0,"19":0,"20":0,"21":0,"22":0,"23":0,"24":0,"25":0,"26":0},"f":{"0":0,"1":0,"2":0,"3":0,"4":0,"5":0,"6":0,"7":0,"8":0,"9":0,"10":0,"11":0,"12":0,"13":0,"14":0},"b":{"0":[0,0],"1":[0,0],"2":[0,0],"3":[0,0],"4":[0,0],"5":[0,0]},"_coverageSchema":"1a1c01bbd47fc00a2c39e90264f33305004495a9","hash":"1467ec316c02c719206694c5e34d83d3d5e9a33d"}
,"/Users/ngrams/Task11/src/quizzer/QuizCard.tsx": {"path":"/Users/ngrams/Task11/src/quizzer/QuizCard.tsx","statementMap":{"0":{"start":{"line":7,"column":24},"end":{"line":35,"column":1}},"1":{"start":{"line":11,"column":30},"end":{"line":14,"column":5}},"2":{"start":{"line":13,"column":12},"end":{"line":13,"column":62}},"3":{"start":{"line":16,"column":4},"end":{"line":34,"column":6}},"4":{"start":{"line":22,"column":24},"end":{"line":22,"column":45}}},"fnMap":{"0":{"name":"(anonymous_0)","decl":{"start":{"line":7,"column":24},"end":{"line":7,"column":25}},"loc":{"start":{"line":10,"column":55},"end":{"line":35,"column":1}},"line":10},"1":{"name":"(anonymous_1)","decl":{"start":{"line":12,"column":8},"end":{"line":12,"column":9}},"loc":{"start":{"line":13,"column":12},"end":{"line":13,"column":62}},"line":13},"2":{"name":"(anonymous_2)","decl":{"start":{"line":21,"column":29},"end":{"line":21,"column":30}},"loc":{"start":{"line":21,"column":35},"end":{"line":23,"column":21}},"line":21}},"branchMap":{"0":{"loc":{"start":{"line":13,"column":12},"end":{"line":13,"column":62}},"type":"binary-expr","locations":[{"start":{"line":13,"column":13},"end":{"line":13,"column":27}},{"start":{"line":13,"column":31},"end":{"line":13,"column":42}},{"start":{"line":13,"column":47},"end":{"line":13,"column":62}}],"line":13},"1":{"loc":{"start":{"line":29,"column":21},"end":{"line":29,"column":62}},"type":"cond-expr","locations":[{"start":{"line":29,"column":54},"end":{"line":29,"column":57}},{"start":{"line":29,"column":60},"end":{"line":29,"column":62}}],"line":29}},"s":{"0":2,"1":86,"2":340,"3":86,"4":10},"f":{"0":86,"1":340,"2":10},"b":{"0":[340,289,153],"1":[86,0]},"_coverageSchema":"1a1c01bbd47fc00a2c39e90264f33305004495a9","hash":"1686145138b3de23f64e8b5105e3eb8771994d6e"}
,"/Users/ngrams/Task11/src/quizzer/QuizEdit.tsx": {"path":"/Users/ngrams/Task11/src/quizzer/QuizEdit.tsx","statementMap":{"0":{"start":{"line":9,"column":24},"end":{"line":181,"column":1}},"1":{"start":{"line":16,"column":34},"end":{"line":16,"column":61}},"2":{"start":{"line":18,"column":25},"end":{"line":28,"column":1}},"3":{"start":{"line":19,"column":4},"end":{"line":27,"column":7}},"4":{"start":{"line":22,"column":12},"end":{"line":24,"column":13}},"5":{"start":{"line":23,"column":16},"end":{"line":23,"column":35}},"6":{"start":{"line":25,"column":12},"end":{"line":25,"column":21}},"7":{"start":{"line":30,"column":25},"end":{"line":35,"column":1}},"8":{"start":{"line":31,"column":4},"end":{"line":34,"column":7}},"9":{"start":{"line":33,"column":58},"end":{"line":33,"column":78}},"10":{"start":{"line":37,"column":24},"end":{"line":39,"column":5}},"11":{"start":{"line":38,"column":8},"end":{"line":38,"column":42}},"12":{"start":{"line":54,"column":25},"end":{"line":64,"column":5}},"13":{"start":{"line":55,"column":33},"end":{"line":55,"column":58}},"14":{"start":{"line":56,"column":21},"end":{"line":56,"column":43}},"15":{"start":{"line":57,"column":8},"end":{"line":57,"column":56}},"16":{"start":{"line":58,"column":8},"end":{"line":58,"column":38}},"17":{"start":{"line":60,"column":8},"end":{"line":63,"column":11}},"18":{"start":{"line":66,"column":4},"end":{"line":180,"column":6}},"19":{"start":{"line":78,"column":36},"end":{"line":81,"column":38}},"20":{"start":{"line":95,"column":32},"end":{"line":98,"column":35}},"21":{"start":{"line":108,"column":28},"end":{"line":108,"column":76}},"22":{"start":{"line":116,"column":20},"end":{"line":124,"column":36}},"23":{"start":{"line":132,"column":24},"end":{"line":147,"column":27}},"24":{"start":{"line":158,"column":32},"end":{"line":158,"column":46}},"25":{"start":{"line":159,"column":32},"end":{"line":159,"column":45}},"26":{"start":{"line":171,"column":28},"end":{"line":171,"column":48}},"27":{"start":{"line":172,"column":28},"end":{"line":172,"column":40}}},"fnMap":{"0":{"name":"(anonymous_0)","decl":{"start":{"line":9,"column":24},"end":{"line":9,"column":25}},"loc":{"start":{"line":15,"column":144},"end":{"line":181,"column":1}},"line":15},"1":{"name":"(anonymous_1)","decl":{"start":{"line":18,"column":25},"end":{"line":18,"column":26}},"loc":{"start":{"line":18,"column":72},"end":{"line":28,"column":1}},"line":18},"2":{"name":"(anonymous_2)","decl":{"start":{"line":21,"column":47},"end":{"line":21,"column":48}},"loc":{"start":{"line":21,"column":54},"end":{"line":26,"column":9}},"line":21},"3":{"name":"(anonymous_3)","decl":{"start":{"line":30,"column":25},"end":{"line":30,"column":26}},"loc":{"start":{"line":30,"column":49},"end":{"line":35,"column":1}},"line":30},"4":{"name":"(anonymous_4)","decl":{"start":{"line":33,"column":50},"end":{"line":33,"column":51}},"loc":{"start":{"line":33,"column":58},"end":{"line":33,"column":78}},"line":33},"5":{"name":"(anonymous_5)","decl":{"start":{"line":37,"column":24},"end":{"line":37,"column":25}},"loc":{"start":{"line":37,"column":30},"end":{"line":39,"column":5}},"line":37},"6":{"name":"(anonymous_6)","decl":{"start":{"line":54,"column":25},"end":{"line":54,"column":26}},"loc":{"start":{"line":54,"column":57},"end":{"line":64,"column":5}},"line":54},"7":{"name":"(anonymous_7)","decl":{"start":{"line":75,"column":42},"end":{"line":75,"column":43}},"loc":{"start":{"line":78,"column":36},"end":{"line":81,"column":38}},"line":78},"8":{"name":"(anonymous_8)","decl":{"start":{"line":92,"column":38},"end":{"line":92,"column":39}},"loc":{"start":{"line":94,"column":33},"end":{"line":99,"column":29}},"line":94},"9":{"name":"(anonymous_9)","decl":{"start":{"line":107,"column":34},"end":{"line":107,"column":35}},"loc":{"start":{"line":108,"column":28},"end":{"line":108,"column":76}},"line":108},"10":{"name":"(anonymous_10)","decl":{"start":{"line":115,"column":42},"end":{"line":115,"column":43}},"loc":{"start":{"line":116,"column":20},"end":{"line":124,"column":36}},"line":116},"11":{"name":"(anonymous_11)","decl":{"start":{"line":131,"column":29},"end":{"line":131,"column":30}},"loc":{"start":{"line":131,"column":35},"end":{"line":148,"column":21}},"line":131},"12":{"name":"(anonymous_12)","decl":{"start":{"line":157,"column":37},"end":{"line":157,"column":38}},"loc":{"start":{"line":157,"column":43},"end":{"line":160,"column":29}},"line":157},"13":{"name":"(anonymous_13)","decl":{"start":{"line":170,"column":33},"end":{"line":170,"column":34}},"loc":{"start":{"line":170,"column":39},"end":{"line":173,"column":25}},"line":170}},"branchMap":{"0":{"loc":{"start":{"line":22,"column":12},"end":{"line":24,"column":13}},"type":"if","locations":[{"start":{"line":22,"column":12},"end":{"line":24,"column":13}},{"start":{},"end":{}}],"line":22}},"s":{"0":2,"1":0,"2":0,"3":0,"4":0,"5":0,"6":0,"7":0,"8":0,"9":0,"10":0,"11":0,"12":0,"13":0,"14":0,"15":0,"16":0,"17":0,"18":0,"19":0,"20":0,"21":0,"22":0,"23":0,"24":0,"25":0,"26":0,"27":0},"f":{"0":0,"1":0,"2":0,"3":0,"4":0,"5":0,"6":0,"7":0,"8":0,"9":0,"10":0,"11":0,"12":0,"13":0},"b":{"0":[0,0]},"_coverageSchema":"1a1c01bbd47fc00a2c39e90264f33305004495a9","hash":"642c45eac92194014277c025398499f79eba5a54"}
,"/Users/ngrams/Task11/src/quizzer/QuizExpanded.tsx": {"path":"/Users/ngrams/Task11/src/quizzer/QuizExpanded.tsx","statementMap":{"0":{"start":{"line":9,"column":28},"end":{"line":119,"column":1}},"1":{"start":{"line":20,"column":30},"end":{"line":23,"column":5}},"2":{"start":{"line":22,"column":12},"end":{"line":22,"column":62}},"3":{"start":{"line":25,"column":20},"end":{"line":25,"column":39}},"4":{"start":{"line":26,"column":38},"end":{"line":28,"column":5}},"5":{"start":{"line":30,"column":33},"end":{"line":34,"column":5}},"6":{"start":{"line":31,"column":29},"end":{"line":31,"column":43}},"7":{"start":{"line":32,"column":8},"end":{"line":32,"column":44}},"8":{"start":{"line":33,"column":8},"end":{"line":33,"column":35}},"9":{"start":{"line":36,"column":24},"end":{"line":39,"column":5}},"10":{"start":{"line":37,"column":47},"end":{"line":37,"column":62}},"11":{"start":{"line":41,"column":22},"end":{"line":43,"column":5}},"12":{"start":{"line":42,"column":8},"end":{"line":42,"column":41}},"13":{"start":{"line":42,"column":26},"end":{"line":42,"column":39}},"14":{"start":{"line":45,"column":18},"end":{"line":55,"column":5}},"15":{"start":{"line":46,"column":8},"end":{"line":46,"column":58}},"16":{"start":{"line":47,"column":8},"end":{"line":52,"column":11}},"17":{"start":{"line":50,"column":44},"end":{"line":50,"column":68}},"18":{"start":{"line":54,"column":8},"end":{"line":54,"column":14}},"19":{"start":{"line":57,"column":28},"end":{"line":64,"column":5}},"20":{"start":{"line":58,"column":8},"end":{"line":63,"column":11}},"21":{"start":{"line":61,"column":16},"end":{"line":61,"column":67}},"22":{"start":{"line":66,"column":4},"end":{"line":118,"column":6}},"23":{"start":{"line":81,"column":28},"end":{"line":81,"column":36}},"24":{"start":{"line":82,"column":28},"end":{"line":82,"column":41}},"25":{"start":{"line":98,"column":16},"end":{"line":106,"column":32}}},"fnMap":{"0":{"name":"(anonymous_0)","decl":{"start":{"line":9,"column":28},"end":{"line":9,"column":29}},"loc":{"start":{"line":19,"column":6},"end":{"line":119,"column":1}},"line":19},"1":{"name":"(anonymous_1)","decl":{"start":{"line":21,"column":8},"end":{"line":21,"column":9}},"loc":{"start":{"line":22,"column":12},"end":{"line":22,"column":62}},"line":22},"2":{"name":"(anonymous_2)","decl":{"start":{"line":30,"column":33},"end":{"line":30,"column":34}},"loc":{"start":{"line":30,"column":52},"end":{"line":34,"column":5}},"line":30},"3":{"name":"(anonymous_3)","decl":{"start":{"line":37,"column":8},"end":{"line":37,"column":9}},"loc":{"start":{"line":37,"column":47},"end":{"line":37,"column":62}},"line":37},"4":{"name":"(anonymous_4)","decl":{"start":{"line":41,"column":22},"end":{"line":41,"column":23}},"loc":{"start":{"line":41,"column":37},"end":{"line":43,"column":5}},"line":41},"5":{"name":"(anonymous_5)","decl":{"start":{"line":42,"column":11},"end":{"line":42,"column":12}},"loc":{"start":{"line":42,"column":26},"end":{"line":42,"column":39}},"line":42},"6":{"name":"(anonymous_6)","decl":{"start":{"line":45,"column":18},"end":{"line":45,"column":19}},"loc":{"start":{"line":45,"column":24},"end":{"line":55,"column":5}},"line":45},"7":{"name":"(anonymous_7)","decl":{"start":{"line":50,"column":16},"end":{"line":50,"column":17}},"loc":{"start":{"line":50,"column":44},"end":{"line":50,"column":68}},"line":50},"8":{"name":"(anonymous_8)","decl":{"start":{"line":57,"column":28},"end":{"line":57,"column":29}},"loc":{"start":{"line":57,"column":65},"end":{"line":64,"column":5}},"line":57},"9":{"name":"(anonymous_9)","decl":{"start":{"line":60,"column":48},"end":{"line":60,"column":49}},"loc":{"start":{"line":61,"column":16},"end":{"line":61,"column":67}},"line":61},"10":{"name":"(anonymous_10)","decl":{"start":{"line":80,"column":33},"end":{"line":80,"column":34}},"loc":{"start":{"line":80,"column":39},"end":{"line":83,"column":25}},"line":80},"11":{"name":"(anonymous_11)","decl":{"start":{"line":97,"column":35},"end":{"line":97,"column":36}},"loc":{"start":{"line":98,"column":16},"end":{"line":106,"column":32}},"line":98}},"branchMap":{"0":{"loc":{"start":{"line":22,"column":12},"end":{"line":22,"column":62}},"type":"binary-expr","locations":[{"start":{"line":22,"column":13},"end":{"line":22,"column":27}},{"start":{"line":22,"column":31},"end":{"line":22,"column":42}},{"start":{"line":22,"column":47},"end":{"line":22,"column":62}}],"line":22},"1":{"loc":{"start":{"line":61,"column":16},"end":{"line":61,"column":67}},"type":"cond-expr","locations":[{"start":{"line":61,"column":38},"end":{"line":61,"column":63}},{"start":{"line":61,"column":66},"end":{"line":61,"column":67}}],"line":61},"2":{"loc":{"start":{"line":73,"column":25},"end":{"line":73,"column":66}},"type":"cond-expr","locations":[{"start":{"line":73,"column":58},"end":{"line":73,"column":61}},{"start":{"line":73,"column":64},"end":{"line":73,"column":66}}],"line":73}},"s":{"0":2,"1":21,"2":84,"3":21,"4":21,"5":21,"6":2,"7":2,"8":2,"9":21,"10":42,"11":21,"12":2,"13":2,"14":21,"15":7,"16":7,"17":28,"18":7,"19":21,"20":2,"21":8,"22":21,"23":6,"24":6,"25":42},"f":{"0":21,"1":84,"2":2,"3":42,"4":2,"5":2,"6":7,"7":28,"8":2,"9":8,"10":6,"11":42},"b":{"0":[84,84,42],"1":[2,6],"2":[21,0]},"_coverageSchema":"1a1c01bbd47fc00a2c39e90264f33305004495a9","hash":"ac925d4741fad9630a27c6c1d2c3c6c2915d76e7"}
,"/Users/ngrams/Task11/src/quizzer/QuizList.tsx": {"path":"/Users/ngrams/Task11/src/quizzer/QuizList.tsx","statementMap":{"0":{"start":{"line":8,"column":24},"end":{"line":57,"column":1}},"1":{"start":{"line":14,"column":38},"end":{"line":14,"column":67}},"2":{"start":{"line":16,"column":27},"end":{"line":18,"column":5}},"3":{"start":{"line":17,"column":8},"end":{"line":17,"column":25}},"4":{"start":{"line":20,"column":26},"end":{"line":22,"column":5}},"5":{"start":{"line":21,"column":8},"end":{"line":21,"column":27}},"6":{"start":{"line":24,"column":4},"end":{"line":56,"column":6}},"7":{"start":{"line":29,"column":24},"end":{"line":33,"column":36}},"8":{"start":{"line":41,"column":16},"end":{"line":53,"column":17}},"9":{"start":{"line":42,"column":20},"end":{"line":50,"column":22}},"10":{"start":{"line":52,"column":20},"end":{"line":52,"column":64}}},"fnMap":{"0":{"name":"(anonymous_0)","decl":{"start":{"line":8,"column":24},"end":{"line":8,"column":25}},"loc":{"start":{"line":13,"column":127},"end":{"line":57,"column":1}},"line":13},"1":{"name":"(anonymous_1)","decl":{"start":{"line":16,"column":27},"end":{"line":16,"column":28}},"loc":{"start":{"line":16,"column":43},"end":{"line":18,"column":5}},"line":16},"2":{"name":"(anonymous_2)","decl":{"start":{"line":20,"column":26},"end":{"line":20,"column":27}},"loc":{"start":{"line":20,"column":32},"end":{"line":22,"column":5}},"line":20},"3":{"name":"(anonymous_3)","decl":{"start":{"line":28,"column":33},"end":{"line":28,"column":34}},"loc":{"start":{"line":29,"column":24},"end":{"line":33,"column":36}},"line":29},"4":{"name":"(anonymous_4)","decl":{"start":{"line":40,"column":25},"end":{"line":40,"column":26}},"loc":{"start":{"line":40,"column":41},"end":{"line":54,"column":13}},"line":40}},"branchMap":{"0":{"loc":{"start":{"line":26,"column":13},"end":{"line":39,"column":13}},"type":"binary-expr","locations":[{"start":{"line":26,"column":13},"end":{"line":26,"column":23}},{"start":{"line":27,"column":16},"end":{"line":38,"column":22}}],"line":26},"1":{"loc":{"start":{"line":41,"column":16},"end":{"line":53,"column":17}},"type":"if","locations":[{"start":{"line":41,"column":16},"end":{"line":53,"column":17}},{"start":{"line":51,"column":21},"end":{"line":53,"column":17}}],"line":41}},"s":{"0":2,"1":36,"2":36,"3":10,"4":36,"5":0,"6":36,"7":86,"8":181,"9":19,"10":162},"f":{"0":36,"1":10,"2":0,"3":86,"4":181},"b":{"0":[36,17],"1":[19,162]},"_coverageSchema":"1a1c01bbd47fc00a2c39e90264f33305004495a9","hash":"e9b1d491c0a8d2e9c8cc2184513646a9131b9d83"}
,"/Users/ngrams/Task11/src/quizzer/QuizQuestion.tsx": {"path":"/Users/ngrams/Task11/src/quizzer/QuizQuestion.tsx","statementMap":{"0":{"start":{"line":8,"column":28},"end":{"line":94,"column":1}},"1":{"start":{"line":23,"column":24},"end":{"line":27,"column":5}},"2":{"start":{"line":24,"column":8},"end":{"line":26,"column":9}},"3":{"start":{"line":25,"column":12},"end":{"line":25,"column":57}},"4":{"start":{"line":29,"column":30},"end":{"line":34,"column":5}},"5":{"start":{"line":30,"column":8},"end":{"line":30,"column":28}},"6":{"start":{"line":31,"column":8},"end":{"line":33,"column":9}},"7":{"start":{"line":32,"column":12},"end":{"line":32,"column":25}},"8":{"start":{"line":36,"column":4},"end":{"line":93,"column":6}},"9":{"start":{"line":63,"column":36},"end":{"line":71,"column":38}}},"fnMap":{"0":{"name":"(anonymous_0)","decl":{"start":{"line":8,"column":28},"end":{"line":8,"column":29}},"loc":{"start":{"line":22,"column":6},"end":{"line":94,"column":1}},"line":22},"1":{"name":"(anonymous_1)","decl":{"start":{"line":23,"column":24},"end":{"line":23,"column":25}},"loc":{"start":{"line":23,"column":44},"end":{"line":27,"column":5}},"line":23},"2":{"name":"(anonymous_2)","decl":{"start":{"line":29,"column":30},"end":{"line":29,"column":31}},"loc":{"start":{"line":29,"column":36},"end":{"line":34,"column":5}},"line":29},"3":{"name":"(anonymous_3)","decl":{"start":{"line":62,"column":32},"end":{"line":62,"column":33}},"loc":{"start":{"line":63,"column":36},"end":{"line":71,"column":38}},"line":63}},"branchMap":{"0":{"loc":{"start":{"line":24,"column":8},"end":{"line":26,"column":9}},"type":"if","locations":[{"start":{"line":24,"column":8},"end":{"line":26,"column":9}},{"start":{},"end":{}}],"line":24},"1":{"loc":{"start":{"line":31,"column":8},"end":{"line":33,"column":9}},"type":"if","locations":[{"start":{"line":31,"column":8},"end":{"line":33,"column":9}},{"start":{},"end":{}}],"line":31},"2":{"loc":{"start":{"line":45,"column":45},"end":{"line":45,"column":77}},"type":"cond-expr","locations":[{"start":{"line":45,"column":69},"end":{"line":45,"column":72}},{"start":{"line":45,"column":75},"end":{"line":45,"column":77}}],"line":45},"3":{"loc":{"start":{"line":50,"column":21},"end":{"line":58,"column":21}},"type":"binary-expr","locations":[{"start":{"line":50,"column":21},"end":{"line":50,"column":62}},{"start":{"line":51,"column":24},"end":{"line":57,"column":37}}],"line":50},"4":{"loc":{"start":{"line":59,"column":21},"end":{"line":75,"column":21}},"type":"binary-expr","locations":[{"start":{"line":59,"column":21},"end":{"line":59,"column":65}},{"start":{"line":60,"column":24},"end":{"line":74,"column":30}}],"line":59},"5":{"loc":{"start":{"line":77,"column":39},"end":{"line":77,"column":64}},"type":"cond-expr","locations":[{"start":{"line":77,"column":51},"end":{"line":77,"column":53}},{"start":{"line":77,"column":56},"end":{"line":77,"column":64}}],"line":77},"6":{"loc":{"start":{"line":78,"column":29},"end":{"line":80,"column":37}},"type":"cond-expr","locations":[{"start":{"line":79,"column":34},"end":{"line":79,"column":38}},{"start":{"line":80,"column":34},"end":{"line":80,"column":37}}],"line":78}},"s":{"0":2,"1":42,"2":2,"3":2,"4":42,"5":2,"6":2,"7":2,"8":42,"9":63},"f":{"0":42,"1":2,"2":2,"3":63},"b":{"0":[2,0],"1":[2,0],"2":[0,42],"3":[42,21],"4":[42,21],"5":[2,40],"6":[4,38]},"_coverageSchema":"1a1c01bbd47fc00a2c39e90264f33305004495a9","hash":"520b5a09e74ccb7ffd15a9fd6febce6e9a40a15d"}
,"/Users/ngrams/Task11/src/quizzer/QuizView.tsx": {"path":"/Users/ngrams/Task11/src/quizzer/QuizView.tsx","statementMap":{"0":{"start":{"line":8,"column":24},"end":{"line":41,"column":2}},"1":{"start":{"line":14,"column":28},"end":{"line":14,"column":43}},"2":{"start":{"line":16,"column":23},"end":{"line":18,"column":5}},"3":{"start":{"line":17,"column":8},"end":{"line":17,"column":22}},"4":{"start":{"line":20,"column":4},"end":{"line":40,"column":6}}},"fnMap":{"0":{"name":"(anonymous_0)","decl":{"start":{"line":8,"column":24},"end":{"line":8,"column":25}},"loc":{"start":{"line":13,"column":122},"end":{"line":41,"column":2}},"line":13},"1":{"name":"(anonymous_1)","decl":{"start":{"line":16,"column":23},"end":{"line":16,"column":24}},"loc":{"start":{"line":16,"column":29},"end":{"line":18,"column":5}},"line":16}},"branchMap":{"0":{"loc":{"start":{"line":22,"column":13},"end":{"line":30,"column":13}},"type":"binary-expr","locations":[{"start":{"line":22,"column":13},"end":{"line":22,"column":17}},{"start":{"line":23,"column":16},"end":{"line":29,"column":28}}],"line":22},"1":{"loc":{"start":{"line":31,"column":13},"end":{"line":38,"column":13}},"type":"binary-expr","locations":[{"start":{"line":31,"column":13},"end":{"line":31,"column":18}},{"start":{"line":32,"column":16},"end":{"line":37,"column":32}}],"line":31}},"s":{"0":2,"1":19,"2":19,"3":6,"4":19},"f":{"0":19,"1":6},"b":{"0":[19,0],"1":[19,19]},"_coverageSchema":"1a1c01bbd47fc00a2c39e90264f33305004495a9","hash":"8e5f012a9ce094cdb375a8e2875570a23d447af0"}
,"/Users/ngrams/Task11/src/quizzer/Quizzer.tsx": {"path":"/Users/ngrams/Task11/src/quizzer/Quizzer.tsx","statementMap":{"0":{"start":{"line":10,"column":16},"end":{"line":21,"column":1}},"1":{"start":{"line":11,"column":21},"end":{"line":20,"column":5}},"2":{"start":{"line":14,"column":30},"end":{"line":18,"column":13}},"3":{"start":{"line":23,"column":23},"end":{"line":113,"column":1}},"4":{"start":{"line":24,"column":34},"end":{"line":24,"column":59}},"5":{"start":{"line":25,"column":44},"end":{"line":25,"column":59}},"6":{"start":{"line":28,"column":8},"end":{"line":30,"column":10}},"7":{"start":{"line":29,"column":44},"end":{"line":29,"column":70}},"8":{"start":{"line":34,"column":24},"end":{"line":38,"column":21}},"9":{"start":{"line":39,"column":8},"end":{"line":39,"column":42}},"10":{"start":{"line":43,"column":8},"end":{"line":43,"column":71}},"11":{"start":{"line":43,"column":56},"end":{"line":43,"column":68}},"12":{"start":{"line":46,"column":28},"end":{"line":46,"column":55}},"13":{"start":{"line":46,"column":34},"end":{"line":46,"column":55}},"14":{"start":{"line":47,"column":29},"end":{"line":47,"column":57}},"15":{"start":{"line":47,"column":35},"end":{"line":47,"column":57}},"16":{"start":{"line":49,"column":4},"end":{"line":112,"column":6}}},"fnMap":{"0":{"name":"(anonymous_0)","decl":{"start":{"line":11,"column":4},"end":{"line":11,"column":5}},"loc":{"start":{"line":11,"column":21},"end":{"line":20,"column":5}},"line":11},"1":{"name":"(anonymous_1)","decl":{"start":{"line":14,"column":12},"end":{"line":14,"column":13}},"loc":{"start":{"line":14,"column":30},"end":{"line":18,"column":13}},"line":14},"2":{"name":"(anonymous_2)","decl":{"start":{"line":23,"column":23},"end":{"line":23,"column":24}},"loc":{"start":{"line":23,"column":29},"end":{"line":113,"column":1}},"line":23},"3":{"name":"editQuiz","decl":{"start":{"line":27,"column":13},"end":{"line":27,"column":21}},"loc":{"start":{"line":27,"column":50},"end":{"line":31,"column":5}},"line":27},"4":{"name":"(anonymous_4)","decl":{"start":{"line":29,"column":24},"end":{"line":29,"column":25}},"loc":{"start":{"line":29,"column":44},"end":{"line":29,"column":70}},"line":29},"5":{"name":"addQuiz","decl":{"start":{"line":33,"column":13},"end":{"line":33,"column":20}},"loc":{"start":{"line":33,"column":50},"end":{"line":40,"column":5}},"line":33},"6":{"name":"deleteQuiz","decl":{"start":{"line":42,"column":13},"end":{"line":42,"column":23}},"loc":{"start":{"line":42,"column":37},"end":{"line":44,"column":5}},"line":42},"7":{"name":"(anonymous_7)","decl":{"start":{"line":43,"column":34},"end":{"line":43,"column":35}},"loc":{"start":{"line":43,"column":56},"end":{"line":43,"column":68}},"line":43},"8":{"name":"(anonymous_8)","decl":{"start":{"line":46,"column":28},"end":{"line":46,"column":29}},"loc":{"start":{"line":46,"column":34},"end":{"line":46,"column":55}},"line":46},"9":{"name":"(anonymous_9)","decl":{"start":{"line":47,"column":29},"end":{"line":47,"column":30}},"loc":{"start":{"line":47,"column":35},"end":{"line":47,"column":57}},"line":47}},"branchMap":{"0":{"loc":{"start":{"line":29,"column":44},"end":{"line":29,"column":70}},"type":"cond-expr","locations":[{"start":{"line":29,"column":59},"end":{"line":29,"column":66}},{"start":{"line":29,"column":69},"end":{"line":29,"column":70}}],"line":29}},"s":{"0":2,"1":10,"2":40,"3":2,"4":26,"5":26,"6":9,"7":45,"8":1,"9":1,"10":0,"11":0,"12":26,"13":1,"14":26,"15":1,"16":26},"f":{"0":10,"1":40,"2":26,"3":9,"4":45,"5":1,"6":0,"7":0,"8":1,"9":1},"b":{"0":[9,36]},"_coverageSchema":"1a1c01bbd47fc00a2c39e90264f33305004495a9","hash":"a5665df587e13532792da4f50ae1e4f50129a79e"}
}
