TN:
SF:src/App.tsx
FN:7,App
FN:15,(anonymous_1)
FNF:2
FNH:1
FNDA:1,App
FNDA:0,(anonymous_1)
DA:8,1
DA:10,1
DA:16,0
LF:3
LH:2
BRDA:19,0,0,1
BRDA:19,0,1,0
BRDA:22,1,0,1
BRDA:22,1,1,0
BRF:4
BRH:2
end_of_record
TN:
SF:src/interfaces/question.ts
FNF:0
FNH:0
LF:0
LH:0
BRF:0
BRH:0
end_of_record
TN:
SF:src/interfaces/quiz.ts
FNF:0
FNH:0
LF:0
LH:0
BRF:0
BRH:0
end_of_record
TN:
SF:src/quizzer/AddQuizModal.tsx
FN:4,(anonymous_0)
FN:14,(anonymous_1)
FN:32,(anonymous_2)
FN:41,(anonymous_3)
FN:49,(anonymous_4)
FNF:5
FNH:2
FNDA:26,(anonymous_0)
FNDA:1,(anonymous_1)
FNDA:0,(anonymous_2)
FNDA:0,(anonymous_3)
FNDA:0,(anonymous_4)
DA:4,2
DA:12,26
DA:13,26
DA:14,26
DA:15,1
DA:16,1
DA:17,1
DA:18,1
DA:21,26
DA:34,0
DA:42,0
DA:50,0
DA:51,0
DA:52,0
LF:14
LH:9
BRF:0
BRH:0
end_of_record
TN:
SF:src/quizzer/QuestionEdit.tsx
FN:7,(anonymous_0)
FN:23,(anonymous_1)
FN:26,(anonymous_2)
FN:48,(anonymous_3)
FN:53,(anonymous_4)
FN:66,(anonymous_5)
FN:89,(anonymous_6)
FN:122,(anonymous_7)
FN:162,(anonymous_8)
FN:177,(anonymous_9)
FN:196,(anonymous_10)
FN:216,(anonymous_11)
FN:225,(anonymous_12)
FN:241,(anonymous_13)
FN:250,(anonymous_14)
FNF:15
FNH:0
FNDA:0,(anonymous_0)
FNDA:0,(anonymous_1)
FNDA:0,(anonymous_2)
FNDA:0,(anonymous_3)
FNDA:0,(anonymous_4)
FNDA:0,(anonymous_5)
FNDA:0,(anonymous_6)
FNDA:0,(anonymous_7)
FNDA:0,(anonymous_8)
FNDA:0,(anonymous_9)
FNDA:0,(anonymous_10)
FNDA:0,(anonymous_11)
FNDA:0,(anonymous_12)
FNDA:0,(anonymous_13)
FNDA:0,(anonymous_14)
DA:7,2
DA:22,0
DA:23,0
DA:26,0
DA:27,0
DA:29,0
DA:30,0
DA:48,0
DA:49,0
DA:50,0
DA:53,0
DA:57,0
DA:58,0
DA:59,0
DA:66,0
DA:67,0
DA:68,0
DA:69,0
DA:75,0
DA:92,0
DA:165,0
DA:178,0
DA:199,0
DA:217,0
DA:226,0
DA:242,0
DA:251,0
LF:27
LH:1
BRDA:29,0,0,0
BRDA:29,0,1,0
BRDA:62,1,0,0
BRDA:62,1,1,0
BRDA:111,2,0,0
BRDA:111,2,1,0
BRDA:142,3,0,0
BRDA:142,3,1,0
BRDA:157,4,0,0
BRDA:157,4,1,0
BRDA:173,5,0,0
BRDA:173,5,1,0
BRF:12
BRH:0
end_of_record
TN:
SF:src/quizzer/QuizCard.tsx
FN:7,(anonymous_0)
FN:12,(anonymous_1)
FN:21,(anonymous_2)
FNF:3
FNH:3
FNDA:86,(anonymous_0)
FNDA:340,(anonymous_1)
FNDA:10,(anonymous_2)
DA:7,2
DA:11,86
DA:13,340
DA:16,86
DA:22,10
LF:5
LH:5
BRDA:13,0,0,340
BRDA:13,0,1,289
BRDA:13,0,2,153
BRDA:29,1,0,86
BRDA:29,1,1,0
BRF:5
BRH:4
end_of_record
TN:
SF:src/quizzer/QuizEdit.tsx
FN:9,(anonymous_0)
FN:18,(anonymous_1)
FN:21,(anonymous_2)
FN:30,(anonymous_3)
FN:33,(anonymous_4)
FN:37,(anonymous_5)
FN:54,(anonymous_6)
FN:75,(anonymous_7)
FN:92,(anonymous_8)
FN:107,(anonymous_9)
FN:115,(anonymous_10)
FN:131,(anonymous_11)
FN:157,(anonymous_12)
FN:170,(anonymous_13)
FNF:14
FNH:0
FNDA:0,(anonymous_0)
FNDA:0,(anonymous_1)
FNDA:0,(anonymous_2)
FNDA:0,(anonymous_3)
FNDA:0,(anonymous_4)
FNDA:0,(anonymous_5)
FNDA:0,(anonymous_6)
FNDA:0,(anonymous_7)
FNDA:0,(anonymous_8)
FNDA:0,(anonymous_9)
FNDA:0,(anonymous_10)
FNDA:0,(anonymous_11)
FNDA:0,(anonymous_12)
FNDA:0,(anonymous_13)
DA:9,2
DA:16,0
DA:18,0
DA:19,0
DA:22,0
DA:23,0
DA:25,0
DA:30,0
DA:31,0
DA:33,0
DA:37,0
DA:38,0
DA:54,0
DA:55,0
DA:56,0
DA:57,0
DA:58,0
DA:60,0
DA:66,0
DA:78,0
DA:95,0
DA:108,0
DA:116,0
DA:132,0
DA:158,0
DA:159,0
DA:171,0
DA:172,0
LF:28
LH:1
BRDA:22,0,0,0
BRDA:22,0,1,0
BRF:2
BRH:0
end_of_record
TN:
SF:src/quizzer/QuizExpanded.tsx
FN:9,(anonymous_0)
FN:21,(anonymous_1)
FN:30,(anonymous_2)
FN:37,(anonymous_3)
FN:41,(anonymous_4)
FN:42,(anonymous_5)
FN:45,(anonymous_6)
FN:50,(anonymous_7)
FN:57,(anonymous_8)
FN:60,(anonymous_9)
FN:80,(anonymous_10)
FN:97,(anonymous_11)
FNF:12
FNH:12
FNDA:21,(anonymous_0)
FNDA:84,(anonymous_1)
FNDA:2,(anonymous_2)
FNDA:42,(anonymous_3)
FNDA:2,(anonymous_4)
FNDA:2,(anonymous_5)
FNDA:7,(anonymous_6)
FNDA:28,(anonymous_7)
FNDA:2,(anonymous_8)
FNDA:8,(anonymous_9)
FNDA:6,(anonymous_10)
FNDA:42,(anonymous_11)
DA:9,2
DA:20,21
DA:22,84
DA:25,21
DA:26,21
DA:30,21
DA:31,2
DA:32,2
DA:33,2
DA:36,21
DA:37,42
DA:41,21
DA:42,2
DA:45,21
DA:46,7
DA:47,7
DA:50,28
DA:54,7
DA:57,21
DA:58,2
DA:61,8
DA:66,21
DA:81,6
DA:82,6
DA:98,42
LF:25
LH:25
BRDA:22,0,0,84
BRDA:22,0,1,84
BRDA:22,0,2,42
BRDA:61,1,0,2
BRDA:61,1,1,6
BRDA:73,2,0,21
BRDA:73,2,1,0
BRF:7
BRH:6
end_of_record
TN:
SF:src/quizzer/QuizList.tsx
FN:8,(anonymous_0)
FN:16,(anonymous_1)
FN:20,(anonymous_2)
FN:28,(anonymous_3)
FN:40,(anonymous_4)
FNF:5
FNH:4
FNDA:36,(anonymous_0)
FNDA:10,(anonymous_1)
FNDA:0,(anonymous_2)
FNDA:86,(anonymous_3)
FNDA:181,(anonymous_4)
DA:8,2
DA:14,36
DA:16,36
DA:17,10
DA:20,36
DA:21,0
DA:24,36
DA:29,86
DA:41,181
DA:42,19
DA:52,162
LF:11
LH:10
BRDA:26,0,0,36
BRDA:26,0,1,17
BRDA:41,1,0,19
BRDA:41,1,1,162
BRF:4
BRH:4
end_of_record
TN:
SF:src/quizzer/QuizQuestion.tsx
FN:8,(anonymous_0)
FN:23,(anonymous_1)
FN:29,(anonymous_2)
FN:62,(anonymous_3)
FNF:4
FNH:4
FNDA:42,(anonymous_0)
FNDA:2,(anonymous_1)
FNDA:2,(anonymous_2)
FNDA:63,(anonymous_3)
DA:8,2
DA:23,42
DA:24,2
DA:25,2
DA:29,42
DA:30,2
DA:31,2
DA:32,2
DA:36,42
DA:63,63
LF:10
LH:10
BRDA:24,0,0,2
BRDA:24,0,1,0
BRDA:31,1,0,2
BRDA:31,1,1,0
BRDA:45,2,0,0
BRDA:45,2,1,42
BRDA:50,3,0,42
BRDA:50,3,1,21
BRDA:59,4,0,42
BRDA:59,4,1,21
BRDA:77,5,0,2
BRDA:77,5,1,40
BRDA:78,6,0,4
BRDA:78,6,1,38
BRF:14
BRH:11
end_of_record
TN:
SF:src/quizzer/QuizView.tsx
FN:8,(anonymous_0)
FN:16,(anonymous_1)
FNF:2
FNH:2
FNDA:19,(anonymous_0)
FNDA:6,(anonymous_1)
DA:8,2
DA:14,19
DA:16,19
DA:17,6
DA:20,19
LF:5
LH:5
BRDA:22,0,0,19
BRDA:22,0,1,0
BRDA:31,1,0,19
BRDA:31,1,1,19
BRF:4
BRH:3
end_of_record
TN:
SF:src/quizzer/Quizzer.tsx
FN:11,(anonymous_0)
FN:14,(anonymous_1)
FN:23,(anonymous_2)
FN:27,editQuiz
FN:29,(anonymous_4)
FN:33,addQuiz
FN:42,deleteQuiz
FN:43,(anonymous_7)
FN:46,(anonymous_8)
FN:47,(anonymous_9)
FNF:10
FNH:8
FNDA:10,(anonymous_0)
FNDA:40,(anonymous_1)
FNDA:26,(anonymous_2)
FNDA:9,editQuiz
FNDA:45,(anonymous_4)
FNDA:1,addQuiz
FNDA:0,deleteQuiz
FNDA:0,(anonymous_7)
FNDA:1,(anonymous_8)
FNDA:1,(anonymous_9)
DA:10,2
DA:11,10
DA:14,40
DA:23,2
DA:24,26
DA:25,26
DA:28,9
DA:29,45
DA:34,1
DA:39,1
DA:43,0
DA:46,26
DA:47,26
DA:49,26
LF:14
LH:13
BRDA:29,0,0,9
BRDA:29,0,1,36
BRF:2
BRH:2
end_of_record
